<?xml version="1.0" encoding="UTF-8"?>
<!-- Generated by org.testng.reporters.JUnitReportReporter -->
<testsuite hostname="IRIS" failures="0" tests="3" name="testngconcept.dem3" time="0.011" errors="0" timestamp="2024-04-18T16:45:52 IST" skipped="0">
  <testcase classname="testngconcept.dem3" name="Fverify" time="0.002"/>
  <testcase classname="testngconcept.dem3" name="Sverify" time="0.001"/>
  <testcase classname="testngconcept.dem3" name="Dverify" time="0.008"/>
</testsuite> <!-- testngconcept.dem3 -->
