<?xml version="1.0" encoding="UTF-8"?>
<!-- Generated by org.testng.reporters.JUnitReportReporter -->
<testsuite hostname="IRIS" failures="0" tests="2" name="testngconcept.groupsDem" time="0.008" errors="0" timestamp="2024-04-20T17:56:35 IST" skipped="0">
  <testcase classname="testngconcept.groupsDem" name="tes3" time="0.001"/>
  <testcase classname="testngconcept.groupsDem" name="tes1" time="0.007"/>
</testsuite> <!-- testngconcept.groupsDem -->
