<?xml version="1.0" encoding="UTF-8"?>
<!-- Generated by org.testng.reporters.JUnitReportReporter -->
<testsuite hostname="IRIS" failures="0" tests="2" name="testngconcept.dem1" time="0.008" errors="0" timestamp="2024-04-18T16:21:53 IST" skipped="0">
  <testcase classname="testngconcept.dem1" name="meth1" time="0.007"/>
  <testcase classname="testngconcept.dem1" name="meth2" time="0.001"/>
</testsuite> <!-- testngconcept.dem1 -->
