<?xml version="1.0" encoding="UTF-8"?>
<!-- Generated by org.testng.reporters.JUnitReportReporter -->
<testsuite hostname="IRIS" failures="0" tests="5" name="testngconcept.Annotations" time="0.009" errors="0" timestamp="2024-04-20T18:29:33 IST" skipped="1">
  <testcase classname="testngconcept.Annotations" name="tes1" time="0.001"/>
  <testcase classname="testngconcept.Annotations" name="tes1" time="0.007"/>
  <testcase classname="testngconcept.Annotations" name="tes1" time="0.001"/>
  <testcase classname="testngconcept.Annotations" name="tes1" time="0.000"/>
  <testcase classname="testngconcept.Annotations" name="tes2">
    <skipped/>
  </testcase> <!-- tes2 -->
</testsuite> <!-- testngconcept.Annotations -->
